<?xml version="1.0" encoding="UTF-8"?>
<!-- Generated by org.testng.reporters.JUnitReportReporter -->
<testsuite hostname="CSCO-W-PF2S4J2F" failures="0" tests="1" name="TestNgapp.NewTest" time="6.026" errors="0" timestamp="17 Jan 2023 09:41:36 GMT">
  <testcase classname="TestNgapp.NewTest" name="App" time="6.026"/>
</testsuite> <!-- TestNgapp.NewTest -->
