<?xml version="1.0" encoding="UTF-8"?>
<!-- Generated by org.testng.reporters.JUnitReportReporter -->
<testsuite hostname="CSCO-W-PF2S4J2F" failures="0" tests="1" name="TestNgapp.NewTest" time="0.008" errors="0" timestamp="16 Jan 2023 14:36:55 GMT">
  <testcase classname="TestNgapp.NewTest" name="App" time="0.008"/>
</testsuite> <!-- TestNgapp.NewTest -->
